<?xml version="1.0" encoding="UTF-8"?>
<!-- Generated by org.testng.reporters.JUnitXMLReporter -->
<testsuite ignored="0" hostname="Aswins-MacBook-Air.local" failures="0" tests="10" name="Default test" time="5.816" errors="0" timestamp="2023-12-17T00:37:21 EST">
  <testcase classname="api.tests.RestBooker_tests" name="test_getBookin" time="2.632"/>
  <testcase classname="api.tests.RestBooker_tests" name="test_getBookingId_filterByDate" time="0.236"/>
  <testcase classname="api.tests.RestBooker_tests" name="test_getBookingId_filterByName" time="0.216"/>
  <testcase classname="api.tests.RestBooker_tests" name="test_basicAuth" time="0.461"/>
  <testcase classname="api.tests.RestBooker_tests" name="test_create_booking" time="0.334"/>
  <testcase classname="api.tests.RestBooker_tests" name="test_getAllBookings" time="0.392"/>
  <testcase classname="api.tests.RestBooker_tests" name="test_updateBooking" time="0.263"/>
  <testcase classname="api.tests.RestBooker_tests" name="test_partialUpdate_booking" time="0.235"/>
  <testcase classname="api.tests.RestBooker_tests" name="test_delete_booking" time="0.207"/>
  <testcase classname="api.tests.RestBooker_tests" name="test_create_url" time="0.241"/>
</testsuite> <!-- Default test -->
