<?xml version="1.0" encoding="UTF-8"?>
<testng-results ignored="0" total="10" passed="10" failed="0" skipped="0">
  <reporter-output>
  </reporter-output>
  <suite started-at="2023-12-17T00:37:15 EST" name="Default suite" finished-at="2023-12-17T00:37:21 EST" duration-ms="5816">
    <groups>
    </groups>
    <test started-at="2023-12-17T00:37:15 EST" name="Default test" finished-at="2023-12-17T00:37:21 EST" duration-ms="5816">
      <class name="api.tests.RestBooker_tests">
        <test-method is-config="true" signature="setUp()[pri:0, instance:api.tests.RestBooker_tests@45099dd3]" started-at="2023-12-17T00:37:15 EST" name="setUp" finished-at="2023-12-17T00:37:15 EST" duration-ms="271" status="PASS">
          <reporter-output>
          </reporter-output>
        </test-method> <!-- setUp -->
        <test-method signature="test_getBookin()[pri:0, instance:api.tests.RestBooker_tests@45099dd3]" started-at="2023-12-17T00:37:15 EST" name="test_getBookin" finished-at="2023-12-17T00:37:18 EST" duration-ms="2632" status="PASS">
          <reporter-output>
          </reporter-output>
        </test-method> <!-- test_getBookin -->
        <test-method is-config="true" signature="afterMethod(org.testng.ITestResult)[pri:0, instance:api.tests.RestBooker_tests@45099dd3]" started-at="2023-12-17T00:37:18 EST" name="afterMethod" finished-at="2023-12-17T00:37:18 EST" duration-ms="4" status="PASS">
          <params>
            <param index="0">
              <value>
                <![CDATA[[TestResult name=test_getBookin status=SUCCESS method=RestBooker_tests.test_getBookin()[pri:0, instance:api.tests.RestBooker_tests@45099dd3] output={null}]]]>
              </value>
            </param>
          </params>
          <reporter-output>
          </reporter-output>
        </test-method> <!-- afterMethod -->
        <test-method signature="test_getBookingId_filterByDate()[pri:0, instance:api.tests.RestBooker_tests@45099dd3]" started-at="2023-12-17T00:37:18 EST" name="test_getBookingId_filterByDate" finished-at="2023-12-17T00:37:18 EST" duration-ms="236" status="PASS">
          <reporter-output>
          </reporter-output>
        </test-method> <!-- test_getBookingId_filterByDate -->
        <test-method is-config="true" signature="afterMethod(org.testng.ITestResult)[pri:0, instance:api.tests.RestBooker_tests@45099dd3]" started-at="2023-12-17T00:37:18 EST" name="afterMethod" finished-at="2023-12-17T00:37:18 EST" duration-ms="1" status="PASS">
          <params>
            <param index="0">
              <value>
                <![CDATA[[TestResult name=test_getBookingId_filterByDate status=SUCCESS method=RestBooker_tests.test_getBookingId_filterByDate()[pri:0, instance:api.tests.RestBooker_tests@45099dd3] output={null}]]]>
              </value>
            </param>
          </params>
          <reporter-output>
          </reporter-output>
        </test-method> <!-- afterMethod -->
        <test-method signature="test_getBookingId_filterByName()[pri:0, instance:api.tests.RestBooker_tests@45099dd3]" started-at="2023-12-17T00:37:18 EST" name="test_getBookingId_filterByName" finished-at="2023-12-17T00:37:19 EST" duration-ms="216" status="PASS">
          <reporter-output>
          </reporter-output>
        </test-method> <!-- test_getBookingId_filterByName -->
        <test-method is-config="true" signature="afterMethod(org.testng.ITestResult)[pri:0, instance:api.tests.RestBooker_tests@45099dd3]" started-at="2023-12-17T00:37:19 EST" name="afterMethod" finished-at="2023-12-17T00:37:19 EST" duration-ms="1" status="PASS">
          <params>
            <param index="0">
              <value>
                <![CDATA[[TestResult name=test_getBookingId_filterByName status=SUCCESS method=RestBooker_tests.test_getBookingId_filterByName()[pri:0, instance:api.tests.RestBooker_tests@45099dd3] output={null}]]]>
              </value>
            </param>
          </params>
          <reporter-output>
          </reporter-output>
        </test-method> <!-- afterMethod -->
        <test-method signature="test_basicAuth(org.testng.ITestContext)[pri:1, instance:api.tests.RestBooker_tests@45099dd3]" started-at="2023-12-17T00:37:19 EST" name="test_basicAuth" finished-at="2023-12-17T00:37:19 EST" duration-ms="461" status="PASS">
          <params>
            <param index="0">
              <value>
                <![CDATA[org.testng.TestRunner@49631cfb]]>
              </value>
            </param>
          </params>
          <reporter-output>
          </reporter-output>
        </test-method> <!-- test_basicAuth -->
        <test-method is-config="true" signature="afterMethod(org.testng.ITestResult)[pri:0, instance:api.tests.RestBooker_tests@45099dd3]" started-at="2023-12-17T00:37:19 EST" name="afterMethod" finished-at="2023-12-17T00:37:19 EST" duration-ms="1" status="PASS">
          <params>
            <param index="0">
              <value>
                <![CDATA[[TestResult name=test_basicAuth status=SUCCESS method=RestBooker_tests.test_basicAuth(org.testng.ITestContext)[pri:1, instance:api.tests.RestBooker_tests@45099dd3] output={null}]]]>
              </value>
            </param>
          </params>
          <reporter-output>
          </reporter-output>
        </test-method> <!-- afterMethod -->
        <test-method signature="test_create_booking(org.testng.ITestContext)[pri:1, instance:api.tests.RestBooker_tests@45099dd3]" started-at="2023-12-17T00:37:19 EST" name="test_create_booking" finished-at="2023-12-17T00:37:19 EST" duration-ms="334" status="PASS">
          <params>
            <param index="0">
              <value>
                <![CDATA[org.testng.TestRunner@49631cfb]]>
              </value>
            </param>
          </params>
          <reporter-output>
          </reporter-output>
        </test-method> <!-- test_create_booking -->
        <test-method is-config="true" signature="afterMethod(org.testng.ITestResult)[pri:0, instance:api.tests.RestBooker_tests@45099dd3]" started-at="2023-12-17T00:37:19 EST" name="afterMethod" finished-at="2023-12-17T00:37:19 EST" duration-ms="1" status="PASS">
          <params>
            <param index="0">
              <value>
                <![CDATA[[TestResult name=test_create_booking status=SUCCESS method=RestBooker_tests.test_create_booking(org.testng.ITestContext)[pri:1, instance:api.tests.RestBooker_tests@45099dd3] output={null}]]]>
              </value>
            </param>
          </params>
          <reporter-output>
          </reporter-output>
        </test-method> <!-- afterMethod -->
        <test-method signature="test_getAllBookings(org.testng.ITestContext)[pri:2, instance:api.tests.RestBooker_tests@45099dd3]" started-at="2023-12-17T00:37:19 EST" name="test_getAllBookings" finished-at="2023-12-17T00:37:20 EST" depends-on-methods="api.tests.RestBooker_tests.test_basicAuth" duration-ms="392" status="PASS">
          <params>
            <param index="0">
              <value>
                <![CDATA[org.testng.TestRunner@49631cfb]]>
              </value>
            </param>
          </params>
          <reporter-output>
          </reporter-output>
        </test-method> <!-- test_getAllBookings -->
        <test-method is-config="true" signature="afterMethod(org.testng.ITestResult)[pri:0, instance:api.tests.RestBooker_tests@45099dd3]" started-at="2023-12-17T00:37:20 EST" name="afterMethod" finished-at="2023-12-17T00:37:20 EST" duration-ms="1" status="PASS">
          <params>
            <param index="0">
              <value>
                <![CDATA[[TestResult name=test_getAllBookings status=SUCCESS method=RestBooker_tests.test_getAllBookings(org.testng.ITestContext)[pri:2, instance:api.tests.RestBooker_tests@45099dd3] output={null}]]]>
              </value>
            </param>
          </params>
          <reporter-output>
          </reporter-output>
        </test-method> <!-- afterMethod -->
        <test-method signature="test_updateBooking(org.testng.ITestContext)[pri:2, instance:api.tests.RestBooker_tests@45099dd3]" started-at="2023-12-17T00:37:20 EST" name="test_updateBooking" finished-at="2023-12-17T00:37:20 EST" depends-on-methods="api.tests.RestBooker_tests.test_basicAuth" duration-ms="263" status="PASS">
          <params>
            <param index="0">
              <value>
                <![CDATA[org.testng.TestRunner@49631cfb]]>
              </value>
            </param>
          </params>
          <reporter-output>
          </reporter-output>
        </test-method> <!-- test_updateBooking -->
        <test-method is-config="true" signature="afterMethod(org.testng.ITestResult)[pri:0, instance:api.tests.RestBooker_tests@45099dd3]" started-at="2023-12-17T00:37:20 EST" name="afterMethod" finished-at="2023-12-17T00:37:20 EST" duration-ms="1" status="PASS">
          <params>
            <param index="0">
              <value>
                <![CDATA[[TestResult name=test_updateBooking status=SUCCESS method=RestBooker_tests.test_updateBooking(org.testng.ITestContext)[pri:2, instance:api.tests.RestBooker_tests@45099dd3] output={null}]]]>
              </value>
            </param>
          </params>
          <reporter-output>
          </reporter-output>
        </test-method> <!-- afterMethod -->
        <test-method signature="test_partialUpdate_booking(org.testng.ITestContext)[pri:3, instance:api.tests.RestBooker_tests@45099dd3]" started-at="2023-12-17T00:37:20 EST" name="test_partialUpdate_booking" finished-at="2023-12-17T00:37:20 EST" depends-on-methods="api.tests.RestBooker_tests.test_basicAuth" duration-ms="235" status="PASS">
          <params>
            <param index="0">
              <value>
                <![CDATA[org.testng.TestRunner@49631cfb]]>
              </value>
            </param>
          </params>
          <reporter-output>
          </reporter-output>
        </test-method> <!-- test_partialUpdate_booking -->
        <test-method is-config="true" signature="afterMethod(org.testng.ITestResult)[pri:0, instance:api.tests.RestBooker_tests@45099dd3]" started-at="2023-12-17T00:37:20 EST" name="afterMethod" finished-at="2023-12-17T00:37:20 EST" duration-ms="0" status="PASS">
          <params>
            <param index="0">
              <value>
                <![CDATA[[TestResult name=test_partialUpdate_booking status=SUCCESS method=RestBooker_tests.test_partialUpdate_booking(org.testng.ITestContext)[pri:3, instance:api.tests.RestBooker_tests@45099dd3] output={null}]]]>
              </value>
            </param>
          </params>
          <reporter-output>
          </reporter-output>
        </test-method> <!-- afterMethod -->
        <test-method signature="test_delete_booking(org.testng.ITestContext)[pri:4, instance:api.tests.RestBooker_tests@45099dd3]" started-at="2023-12-17T00:37:20 EST" name="test_delete_booking" finished-at="2023-12-17T00:37:20 EST" depends-on-methods="api.tests.RestBooker_tests.test_basicAuth" duration-ms="207" status="PASS">
          <params>
            <param index="0">
              <value>
                <![CDATA[org.testng.TestRunner@49631cfb]]>
              </value>
            </param>
          </params>
          <reporter-output>
          </reporter-output>
        </test-method> <!-- test_delete_booking -->
        <test-method is-config="true" signature="afterMethod(org.testng.ITestResult)[pri:0, instance:api.tests.RestBooker_tests@45099dd3]" started-at="2023-12-17T00:37:20 EST" name="afterMethod" finished-at="2023-12-17T00:37:20 EST" duration-ms="1" status="PASS">
          <params>
            <param index="0">
              <value>
                <![CDATA[[TestResult name=test_delete_booking status=SUCCESS method=RestBooker_tests.test_delete_booking(org.testng.ITestContext)[pri:4, instance:api.tests.RestBooker_tests@45099dd3] output={null}]]]>
              </value>
            </param>
          </params>
          <reporter-output>
          </reporter-output>
        </test-method> <!-- afterMethod -->
        <test-method signature="test_create_url(org.testng.ITestContext)[pri:5, instance:api.tests.RestBooker_tests@45099dd3]" started-at="2023-12-17T00:37:20 EST" name="test_create_url" finished-at="2023-12-17T00:37:21 EST" duration-ms="241" status="PASS">
          <params>
            <param index="0">
              <value>
                <![CDATA[org.testng.TestRunner@49631cfb]]>
              </value>
            </param>
          </params>
          <reporter-output>
          </reporter-output>
        </test-method> <!-- test_create_url -->
        <test-method is-config="true" signature="afterMethod(org.testng.ITestResult)[pri:0, instance:api.tests.RestBooker_tests@45099dd3]" started-at="2023-12-17T00:37:21 EST" name="afterMethod" finished-at="2023-12-17T00:37:21 EST" duration-ms="1" status="PASS">
          <params>
            <param index="0">
              <value>
                <![CDATA[[TestResult name=test_create_url status=SUCCESS method=RestBooker_tests.test_create_url(org.testng.ITestContext)[pri:5, instance:api.tests.RestBooker_tests@45099dd3] output={null}]]]>
              </value>
            </param>
          </params>
          <reporter-output>
          </reporter-output>
        </test-method> <!-- afterMethod -->
        <test-method is-config="true" signature="tearDown()[pri:0, instance:api.tests.RestBooker_tests@45099dd3]" started-at="2023-12-17T00:37:21 EST" name="tearDown" finished-at="2023-12-17T00:37:21 EST" duration-ms="264" status="PASS">
          <reporter-output>
          </reporter-output>
        </test-method> <!-- tearDown -->
      </class> <!-- api.tests.RestBooker_tests -->
    </test> <!-- Default test -->
  </suite> <!-- Default suite -->
</testng-results>
