<?xml version="1.0" encoding="UTF-8"?>
<testng-results ignored="0" total="2" passed="2" failed="0" skipped="0">
  <reporter-output>
  </reporter-output>
  <suite started-at="2023-12-05T00:09:20 EST" name="Default suite" finished-at="2023-12-05T00:09:22 EST" duration-ms="2807">
    <groups>
    </groups>
    <test started-at="2023-12-05T00:09:20 EST" name="Default test" finished-at="2023-12-05T00:09:22 EST" duration-ms="2807">
      <class name="api.tests.RestBooker_tests">
        <test-method signature="test_basicAuth(org.testng.ITestContext)[pri:1, instance:api.tests.RestBooker_tests@12aba8be]" started-at="2023-12-05T00:09:20 EST" name="test_basicAuth" finished-at="2023-12-05T00:09:22 EST" duration-ms="2486" status="PASS">
          <params>
            <param index="0">
              <value>
                <![CDATA[org.testng.TestRunner@aba625]]>
              </value>
            </param>
          </params>
          <reporter-output>
          </reporter-output>
        </test-method> <!-- test_basicAuth -->
        <test-method signature="test_updateBooking(org.testng.ITestContext)[pri:0, instance:api.tests.RestBooker_tests@12aba8be]" started-at="2023-12-05T00:09:22 EST" name="test_updateBooking" finished-at="2023-12-05T00:09:22 EST" depends-on-methods="api.tests.RestBooker_tests.test_basicAuth" duration-ms="277" status="PASS">
          <params>
            <param index="0">
              <value>
                <![CDATA[org.testng.TestRunner@aba625]]>
              </value>
            </param>
          </params>
          <reporter-output>
          </reporter-output>
        </test-method> <!-- test_updateBooking -->
      </class> <!-- api.tests.RestBooker_tests -->
    </test> <!-- Default test -->
  </suite> <!-- Default suite -->
</testng-results>
